  "nodes": [
    {
      "id": 0,
      "kind": "scan",
      "title": "⊞ customer",
      "columns": [
        "c_custkey(#0)",
        "c_name(#1)",
        "c_acctbal(#2)",
        "c_address(#3)",
        "c_phone(#4)",
        "c_comment(#5)",
        "c_nationkey(#6)"
      ]
    },
    {
      "id": 1,
      "kind": "scan",
      "title": "⊞ orders",
      "columns": [
        "o_orderkey(#7)",
        "o_custkey(#8)",
        "o_orderdate(#9)"
      ]
    },
    {
      "id": 4,
      "kind": "cross_product",
      "title": "× CrossProduct",
      "outer": 0,
      "inner": 1
    },
    {
      "id": 2,
      "kind": "scan",
      "title": "⊞ lineitem",
      "columns": [
        "l_orderkey(#10)",
        "l_extendedprice(#11)",
        "l_discount(#12)",
        "l_returnflag(#13)"
      ]
    },
    {
      "id": 5,
      "kind": "cross_product",
      "title": "× CrossProduct",
      "outer": 4,
      "inner": 2
    },
    {
      "id": 3,
      "kind": "scan",
      "title": "⊞ nation",
      "columns": [
        "n_nationkey(#14)",
        "n_name(#15)"
      ]
    },
    {
      "id": 6,
      "kind": "cross_product",
      "title": "× CrossProduct",
      "outer": 5,
      "inner": 3
    },
    {
      "id": 7,
      "kind": "selection",
      "title": "σ Selection",
      "predicate": "((c_custkey(#0) = o_custkey(#8)) AND (o_orderkey(#7) = l_orderkey(#10)) AND (c_nationkey(#6) = n_nationkey(#14)) AND (o_orderdate(#9) >= 8582::Date32) AND (o_orderdate(#9) < 8674::Date32) AND (l_returnflag(#13) = \"R\"))",
      "input": 6
    },
    {
      "id": 8,
      "kind": "map",
      "title": "χ Map",
      "computations": [
        "revenue_expr(#16) := (l_extendedprice(#11) * (100::Decimal128(15, 2) - l_discount(#12)))"
      ],
      "input": 7
    },
    {
      "id": 9,
      "kind": "aggregation",
      "title": "γ Aggregation",
      "keys": "c_custkey(#0), c_name(#1), c_acctbal(#2), c_phone(#4), n_name(#15), c_address(#3), c_comment(#5)",
      "aggregates": [
        "revenue(#17) := sum(revenue_expr(#16))"
      ],
      "input": 8
    },
    {
      "id": 10,
      "kind": "sort",
      "title": "⇞ Sort",
      "keys": [
        "revenue(#17) Desc NullsLast"
      ],
      "input": 9
    },
    {
      "id": 11,
      "kind": "limit",
      "title": "τ Limit",
      "fetch": "20",
      "offset": "0",
      "input": 10
    },
    {
      "id": 12,
      "kind": "projection",
      "title": "π Projection",
      "columns": [
        "c_custkey(#0)",
        "c_name(#1)",
        "revenue(#17)",
        "c_acctbal(#2)",
        "n_name(#15)",
        "c_address(#3)",
        "c_phone(#4)",
        "c_comment(#5)"
      ],
      "input": 11
    },
    {
      "id": 13,
      "kind": "output",
      "title": "= Output",
      "input": 12
    }
  ]
}
=== optimized ===
{
  "nodes": [
    {
      "id": 0,
      "kind": "scan",
      "title": "⊞ customer",
      "columns": [
        "c_custkey(#0)",
        "c_name(#1)",
        "c_acctbal(#2)",
        "c_address(#3)",
        "c_phone(#4)",
        "c_comment(#5)",
        "c_nationkey(#6)"
      ]
    },
    {
      "id": 1,
      "kind": "scan",
      "title": "⊞ orders",
      "columns": [
        "o_orderkey(#7)",
        "o_custkey(#8)",
        "o_orderdate(#9)"
      ]
    },
    {
      "id": 4,
      "kind": "cross_product",
      "title": "× CrossProduct",
      "outer": 0,
      "inner": 1
    },
    {
      "id": 2,
      "kind": "scan",
      "title": "⊞ lineitem",
      "columns": [
        "l_orderkey(#10)",
        "l_extendedprice(#11)",
        "l_discount(#12)",
        "l_returnflag(#13)"
      ]
    },
    {
      "id": 5,
      "kind": "cross_product",
      "title": "× CrossProduct",
      "outer": 4,
      "inner": 2
    },
    {
      "id": 3,
      "kind": "scan",
      "title": "⊞ nation",
      "columns": [
        "n_nationkey(#14)",
        "n_name(#15)"
      ]
    },
    {
      "id": 6,
      "kind": "cross_product",
      "title": "× CrossProduct",
      "outer": 5,
      "inner": 3
    },
    {
      "id": 7,
      "kind": "selection",
      "title": "σ Selection",
      "predicate": "((c_custkey(#0) = o_custkey(#8)) AND (o_orderkey(#7) = l_orderkey(#10)) AND (c_nationkey(#6) = n_nationkey(#14)) AND (o_orderdate(#9) >= 8582::Date32) AND (o_orderdate(#9) < 8674::Date32) AND (l_returnflag(#13) = \"R\"))",
      "input": 6
    },
    {
      "id": 8,
      "kind": "map",
      "title": "χ Map",
      "computations": [
        "revenue_expr(#16) := (l_extendedprice(#11) * (100::Decimal128(15, 2) - l_discount(#12)))"
      ],
      "input": 7
    },
    {
      "id": 9,
      "kind": "aggregation",
      "title": "γ Aggregation",
      "keys": "c_custkey(#0), c_name(#1), c_acctbal(#2), c_phone(#4), n_name(#15), c_address(#3), c_comment(#5)",
      "aggregates": [
        "revenue(#17) := sum(revenue_expr(#16))"
      ],
      "input": 8
    },
    {
      "id": 10,
      "kind": "sort",
      "title": "⇞ Sort",
      "keys": [
        "revenue(#17) Desc NullsLast"
      ],
      "input": 9
    },
    {
      "id": 11,
      "kind": "limit",
      "title": "τ Limit",
      "fetch": "20",
      "offset": "0",
      "input": 10
    },
    {
      "id": 12,
      "kind": "projection",
      "title": "π Projection",
      "columns": [
        "c_custkey(#0)",
        "c_name(#1)",
        "revenue(#17)",
        "c_acctbal(#2)",
        "n_name(#15)",
        "c_address(#3)",
        "c_phone(#4)",
        "c_comment(#5)"
      ],
      "input": 11
    },
    {
      "id": 13,
      "kind": "output",
      "title": "= Output",
      "input": 12
    }
  ]
}
