{
  "nodes": [
    {
      "id": 0,
      "kind": "scan",
      "title": "⊞ partsupp",
      "columns": [
        "ps_partkey(#0)",
        "ps_suppkey(#1)",
        "ps_supplycost(#2)",
        "ps_availqty(#3)"
      ]
    },
    {
      "id": 1,
      "kind": "scan",
      "title": "⊞ supplier",
      "columns": [
        "s_suppkey(#4)",
        "s_nationkey(#5)"
      ]
    },
    {
      "id": 3,
      "kind": "cross_product",
      "title": "× CrossProduct",
      "outer": 0,
      "inner": 1
    },
    {
      "id": 2,
      "kind": "scan",
      "title": "⊞ nation",
      "columns": [
        "n_nationkey(#6)",
        "n_name(#7)"
      ]
    },
    {
      "id": 4,
      "kind": "cross_product",
      "title": "× CrossProduct",
      "outer": 3,
      "inner": 2
    },
    {
      "id": 5,
      "kind": "selection",
      "title": "σ Selection",
      "predicate": "((ps_suppkey(#1) = s_suppkey(#4)) AND (s_nationkey(#5) = n_nationkey(#6)) AND (n_name(#7) = \"ALGERIA\"))",
      "input": 4
    },
    {
      "id": 6,
      "kind": "map",
      "title": "χ Map",
      "computations": [
        "value_expr(#8) := (ps_supplycost(#2) * ps_availqty(#3))"
      ],
      "input": 5
    },
    {
      "id": 7,
      "kind": "aggregation",
      "title": "γ Aggregation",
      "keys": "ps_partkey(#0)",
      "aggregates": [
        "value(#9) := sum(value_expr(#8))"
      ],
      "input": 6
    },
    {
      "id": 8,
      "kind": "aggregation",
      "title": "γ Aggregation",
      "keys": "",
      "aggregates": [
        "total_value_threshold(#10) := sum(value_expr(#8))"
      ],
      "input": 6
    },
    {
      "id": 9,
      "kind": "selection",
      "title": "σ Selection",
      "predicate": "((value(#9) > SCALAR_SUBQUERY(@8)))",
      "input": 7,
      "scalar subquery": 8
    },
    {
      "id": 10,
      "kind": "sort",
      "title": "⇞ Sort",
      "keys": [
        "value(#9) Desc NullsLast"
      ],
      "input": 9
    },
    {
      "id": 11,
      "kind": "projection",
      "title": "π Projection",
      "columns": [
        "ps_partkey(#0)",
        "value(#9)"
      ],
      "input": 10
    },
    {
      "id": 12,
      "kind": "output",
      "title": "= Output",
      "input": 11
    }
  ]
}
