  "nodes": [
    {
      "id": 5,
      "kind": "scan",
      "title": "⊞ supplier",
      "columns": [
        "s_suppkey(#7)",
        "s_name(#8)",
        "s_address(#9)",
        "s_phone(#10)"
      ]
    },
    {
      "id": 0,
      "kind": "scan",
      "title": "⊞ lineitem",
      "columns": [
        "l_suppkey(#0)",
        "l_extendedprice(#1)",
        "l_discount(#2)",
        "l_shipdate(#3)"
      ]
    },
    {
      "id": 1,
      "kind": "selection",
      "title": "σ Selection",
      "predicate": "((l_shipdate(#3) >= 9709::Date32) AND (l_shipdate(#3) < 9801::Date32))",
      "input": 0
    },
    {
      "id": 2,
      "kind": "map",
      "title": "χ Map",
      "computations": [
        "revenue_expr(#4) := (l_extendedprice(#1) * (100::Decimal128(15, 2) - l_discount(#2)))"
      ],
      "input": 1
    },
    {
      "id": 3,
      "kind": "aggregation",
      "title": "γ Aggregation",
      "keys": "l_suppkey(#0)",
      "aggregates": [
        "total_revenue(#5) := sum(revenue_expr(#4))"
      ],
      "input": 2
    },
    {
      "id": 6,
      "kind": "cross_product",
      "title": "× CrossProduct",
      "outer": 5,
      "inner": 3
    },
    {
      "id": 4,
      "kind": "aggregation",
      "title": "γ Aggregation",
      "keys": "",
      "aggregates": [
        "max_total_revenue(#6) := max(total_revenue(#5))"
      ],
      "input": 3
    },
    {
      "id": 7,
      "kind": "selection",
      "title": "σ Selection",
      "predicate": "((s_suppkey(#7) = l_suppkey(#0)) AND (total_revenue(#5) = SCALAR_SUBQUERY(@4)))",
      "input": 6,
      "scalar subquery": 4
    },
    {
      "id": 8,
      "kind": "sort",
      "title": "⇞ Sort",
      "keys": [
        "s_suppkey(#7) Asc NullsLast"
      ],
      "input": 7
    },
    {
      "id": 9,
      "kind": "projection",
      "title": "π Projection",
      "columns": [
        "s_suppkey(#7)",
        "s_name(#8)",
        "s_address(#9)",
        "s_phone(#10)",
        "total_revenue(#5)"
      ],
      "input": 8
    },
    {
      "id": 10,
      "kind": "output",
      "title": "= Output",
      "input": 9
    }
  ]
}
=== optimized ===
{
  "nodes": [
    {
      "id": 5,
      "kind": "scan",
      "title": "⊞ supplier",
      "columns": [
        "s_suppkey(#7)",
        "s_name(#8)",
        "s_address(#9)",
        "s_phone(#10)"
      ]
    },
    {
      "id": 0,
      "kind": "scan",
      "title": "⊞ lineitem",
      "columns": [
        "l_suppkey(#0)",
        "l_extendedprice(#1)",
        "l_discount(#2)",
        "l_shipdate(#3)"
      ]
    },
    {
      "id": 1,
      "kind": "selection",
      "title": "σ Selection",
      "predicate": "((l_shipdate(#3) >= 9709::Date32) AND (l_shipdate(#3) < 9801::Date32))",
      "input": 0
    },
    {
      "id": 2,
      "kind": "map",
      "title": "χ Map",
      "computations": [
        "revenue_expr(#4) := (l_extendedprice(#1) * (100::Decimal128(15, 2) - l_discount(#2)))"
      ],
      "input": 1
    },
    {
      "id": 3,
      "kind": "aggregation",
      "title": "γ Aggregation",
      "keys": "l_suppkey(#0)",
      "aggregates": [
        "total_revenue(#5) := sum(revenue_expr(#4))"
      ],
      "input": 2
    },
    {
      "id": 6,
      "kind": "cross_product",
      "title": "× CrossProduct",
      "outer": 5,
      "inner": 3
    },
    {
      "id": 4,
      "kind": "aggregation",
      "title": "γ Aggregation",
      "keys": "",
      "aggregates": [
        "max_total_revenue(#6) := max(total_revenue(#5))"
      ],
      "input": 3
    },
    {
      "id": 11,
      "kind": "join",
      "title": "⋈₁ SingleJoin",
      "join_type": "Single",
      "condition": "true",
      "outer": 6,
      "inner": 4
    },
    {
      "id": 12,
      "kind": "selection",
      "title": "σ Selection",
      "predicate": "((s_suppkey(#7) = l_suppkey(#0)) AND (total_revenue(#5) = max_total_revenue(#6)))",
      "input": 11
    },
    {
      "id": 8,
      "kind": "sort",
      "title": "⇞ Sort",
      "keys": [
        "s_suppkey(#7) Asc NullsLast"
      ],
      "input": 12
    },
    {
      "id": 9,
      "kind": "projection",
      "title": "π Projection",
      "columns": [
        "s_suppkey(#7)",
        "s_name(#8)",
        "s_address(#9)",
        "s_phone(#10)",
        "total_revenue(#5)"
      ],
      "input": 8
    },
    {
      "id": 10,
      "kind": "output",
      "title": "= Output",
      "input": 9
    }
  ]
}
