{
  "nodes": [
    {
      "id": 0,
      "kind": "scan",
      "title": "⊞ partsupp",
      "columns": [
        "ps_partkey(#0)",
        "ps_suppkey(#1)"
      ]
    },
    {
      "id": 1,
      "kind": "scan",
      "title": "⊞ part",
      "columns": [
        "p_partkey(#2)",
        "p_brand(#3)",
        "p_type(#4)",
        "p_size(#5)"
      ]
    },
    {
      "id": 3,
      "kind": "cross_product",
      "title": "× CrossProduct",
      "outer": 0,
      "inner": 1
    },
    {
      "id": 2,
      "kind": "scan",
      "title": "⊞ supplier",
      "columns": [
        "s_suppkey(#6)",
        "s_comment(#7)"
      ]
    },
    {
      "id": 5,
      "kind": "selection",
      "title": "σ Selection",
      "predicate": "(like(s_comment(#7), \"%Customer%Complaints%\"))",
      "input": 2
    },
    {
      "id": 6,
      "kind": "projection",
      "title": "π Projection",
      "columns": [
        "s_suppkey(#6)"
      ],
      "input": 5
    },
    {
      "id": 7,
      "kind": "selection",
      "title": "σ Selection",
      "predicate": "((ps_partkey(#0) = p_partkey(#2)) AND (p_brand(#3) != \"Brand#14\") AND NOT(like(p_type(#4), \"SMALL PLATED%\")) AND in(p_size(#5), 14, 6, 5, 31, 49, 15, 41, 47) AND (ps_suppkey(#1) NOT IN @6))",
      "input": 3,
      "not in subquery": 6
    },
    {
      "id": 8,
      "kind": "aggregation",
      "title": "γ Aggregation",
      "keys": "p_brand(#3), p_type(#4), p_size(#5)",
      "aggregates": [
        "supplier_cnt(#8) := count(DISTINCT ps_suppkey(#1))"
      ],
      "input": 7
    },
    {
      "id": 9,
      "kind": "sort",
      "title": "⇞ Sort",
      "keys": [
        "supplier_cnt(#8) Desc NullsLast",
        "p_brand(#3) Asc NullsLast",
        "p_type(#4) Asc NullsLast",
        "p_size(#5) Asc NullsLast"
      ],
      "input": 8
    },
    {
      "id": 10,
      "kind": "projection",
      "title": "π Projection",
      "columns": [
        "p_brand(#3)",
        "p_type(#4)",
        "p_size(#5)",
        "supplier_cnt(#8)"
      ],
      "input": 9
    },
    {
      "id": 11,
      "kind": "output",
      "title": "= Output",
      "input": 10
    }
  ]
}
