{
  "nodes": [
    {
      "id": 3,
      "kind": "scan",
      "title": "⊞ customer",
      "columns": [
        "c_name(#3)",
        "c_custkey(#4)"
      ]
    },
    {
      "id": 4,
      "kind": "scan",
      "title": "⊞ orders",
      "columns": [
        "o_orderkey(#5)",
        "o_custkey(#6)",
        "o_orderdate(#7)",
        "o_totalprice(#8)"
      ]
    },
    {
      "id": 7,
      "kind": "cross_product",
      "title": "× CrossProduct",
      "outer": 3,
      "inner": 4
    },
    {
      "id": 5,
      "kind": "scan",
      "title": "⊞ lineitem",
      "columns": [
        "l_orderkey(#9)",
        "l_quantity(#10)"
      ]
    },
    {
      "id": 8,
      "kind": "cross_product",
      "title": "× CrossProduct",
      "outer": 7,
      "inner": 5
    },
    {
      "id": 0,
      "kind": "scan",
      "title": "⊞ lineitem",
      "columns": [
        "l_orderkey(#0)",
        "l_quantity(#1)"
      ]
    },
    {
      "id": 1,
      "kind": "aggregation",
      "title": "γ Aggregation",
      "keys": "l_orderkey(#0)",
      "aggregates": [
        "sum_l_quantity_filter(#2) := sum(l_quantity(#1))"
      ],
      "input": 0
    },
    {
      "id": 2,
      "kind": "selection",
      "title": "σ Selection",
      "predicate": "((sum_l_quantity_filter(#2) > 31300::Decimal128(15, 2)))",
      "input": 1
    },
    {
      "id": 6,
      "kind": "projection",
      "title": "π Projection",
      "columns": [
        "l_orderkey(#0)"
      ],
      "input": 2
    },
    {
      "id": 9,
      "kind": "selection",
      "title": "σ Selection",
      "predicate": "((o_orderkey(#5) IN @6) AND (c_custkey(#4) = o_custkey(#6)) AND (o_orderkey(#5) = l_orderkey(#9)))",
      "input": 8,
      "in subquery": 6
    },
    {
      "id": 10,
      "kind": "aggregation",
      "title": "γ Aggregation",
      "keys": "c_name(#3), c_custkey(#4), o_orderkey(#5), o_orderdate(#7), o_totalprice(#8)",
      "aggregates": [
        "sum_l_quantity(#11) := sum(l_quantity(#10))"
      ],
      "input": 9
    },
    {
      "id": 11,
      "kind": "sort",
      "title": "⇞ Sort",
      "keys": [
        "o_totalprice(#8) Desc NullsLast",
        "o_orderdate(#7) Asc NullsLast"
      ],
      "input": 10
    },
    {
      "id": 12,
      "kind": "limit",
      "title": "τ Limit",
      "fetch": "100",
      "offset": "0",
      "input": 11
    },
    {
      "id": 13,
      "kind": "projection",
      "title": "π Projection",
      "columns": [
        "c_name(#3)",
        "c_custkey(#4)",
        "o_orderkey(#5)",
        "o_orderdate(#7)",
        "o_totalprice(#8)",
        "sum_l_quantity(#11)"
      ],
      "input": 12
    },
    {
      "id": 14,
      "kind": "output",
      "title": "= Output",
      "input": 13
    }
  ]
}
