  "nodes": [
    {
      "id": 0,
      "kind": "scan",
      "title": "⊞ lineitem",
      "columns": [
        "l_partkey(#0)",
        "l_quantity(#1)",
        "l_extendedprice(#2)",
        "l_discount(#3)",
        "l_shipmode(#4)",
        "l_shipinstruct(#5)"
      ]
    },
    {
      "id": 1,
      "kind": "scan",
      "title": "⊞ part",
      "columns": [
        "p_partkey(#6)",
        "p_brand(#7)",
        "p_container(#8)",
        "p_size(#9)"
      ]
    },
    {
      "id": 2,
      "kind": "cross_product",
      "title": "× CrossProduct",
      "outer": 0,
      "inner": 1
    },
    {
      "id": 3,
      "kind": "selection",
      "title": "σ Selection",
      "predicate": "((l_partkey(#0) = p_partkey(#6)) AND in(l_shipmode(#4), \"AIR\", \"AIR REG\") AND (l_shipinstruct(#5) = \"DELIVER IN PERSON\") AND (((p_brand(#7) = \"Brand#21\") AND ((l_quantity(#1) >= 800::Decimal128(15, 2)) AND (l_quantity(#1) <= 1800::Decimal128(15, 2)))) OR ((p_brand(#7) = \"Brand#13\") AND ((l_quantity(#1) >= 2000::Decimal128(15, 2)) AND (l_quantity(#1) <= 3000::Decimal128(15, 2)))) OR ((p_brand(#7) = \"Brand#52\") AND ((l_quantity(#1) >= 3000::Decimal128(15, 2)) AND (l_quantity(#1) <= 4000::Decimal128(15, 2))))))",
      "input": 2
    },
    {
      "id": 4,
      "kind": "map",
      "title": "χ Map",
      "computations": [
        "revenue_expr(#10) := (l_extendedprice(#2) * (100::Decimal128(15, 2) - l_discount(#3)))"
      ],
      "input": 3
    },
    {
      "id": 5,
      "kind": "aggregation",
      "title": "γ Aggregation",
      "keys": "",
      "aggregates": [
        "revenue(#11) := sum(revenue_expr(#10))"
      ],
      "input": 4
    },
    {
      "id": 6,
      "kind": "projection",
      "title": "π Projection",
      "columns": [
        "revenue(#11)"
      ],
      "input": 5
    },
    {
      "id": 7,
      "kind": "output",
      "title": "= Output",
      "input": 6
    }
  ]
}
=== optimized ===
{
  "nodes": [
    {
      "id": 0,
      "kind": "scan",
      "title": "⊞ lineitem",
      "columns": [
        "l_partkey(#0)",
        "l_quantity(#1)",
        "l_extendedprice(#2)",
        "l_discount(#3)",
        "l_shipmode(#4)",
        "l_shipinstruct(#5)"
      ]
    },
    {
      "id": 1,
      "kind": "scan",
      "title": "⊞ part",
      "columns": [
        "p_partkey(#6)",
        "p_brand(#7)",
        "p_container(#8)",
        "p_size(#9)"
      ]
    },
    {
      "id": 2,
      "kind": "cross_product",
      "title": "× CrossProduct",
      "outer": 0,
      "inner": 1
    },
    {
      "id": 3,
      "kind": "selection",
      "title": "σ Selection",
      "predicate": "((l_partkey(#0) = p_partkey(#6)) AND in(l_shipmode(#4), \"AIR\", \"AIR REG\") AND (l_shipinstruct(#5) = \"DELIVER IN PERSON\") AND (((p_brand(#7) = \"Brand#21\") AND ((l_quantity(#1) >= 800::Decimal128(15, 2)) AND (l_quantity(#1) <= 1800::Decimal128(15, 2)))) OR ((p_brand(#7) = \"Brand#13\") AND ((l_quantity(#1) >= 2000::Decimal128(15, 2)) AND (l_quantity(#1) <= 3000::Decimal128(15, 2)))) OR ((p_brand(#7) = \"Brand#52\") AND ((l_quantity(#1) >= 3000::Decimal128(15, 2)) AND (l_quantity(#1) <= 4000::Decimal128(15, 2))))))",
      "input": 2
    },
    {
      "id": 4,
      "kind": "map",
      "title": "χ Map",
      "computations": [
        "revenue_expr(#10) := (l_extendedprice(#2) * (100::Decimal128(15, 2) - l_discount(#3)))"
      ],
      "input": 3
    },
    {
      "id": 5,
      "kind": "aggregation",
      "title": "γ Aggregation",
      "keys": "",
      "aggregates": [
        "revenue(#11) := sum(revenue_expr(#10))"
      ],
      "input": 4
    },
    {
      "id": 6,
      "kind": "projection",
      "title": "π Projection",
      "columns": [
        "revenue(#11)"
      ],
      "input": 5
    },
    {
      "id": 7,
      "kind": "output",
      "title": "= Output",
      "input": 6
    }
  ]
}
