  "nodes": [
    {
      "id": 5,
      "kind": "scan",
      "title": "⊞ supplier",
      "columns": [
        "s_suppkey(#5)",
        "s_name(#6)",
        "s_address(#7)",
        "s_nationkey(#8)"
      ]
    },
    {
      "id": 2,
      "kind": "scan",
      "title": "⊞ partsupp",
      "columns": [
        "ps_partkey(#2)",
        "ps_suppkey(#3)",
        "ps_availqty(#4)"
      ]
    },
    {
      "id": 0,
      "kind": "scan",
      "title": "⊞ part",
      "columns": [
        "p_partkey(#0)",
        "p_name(#1)"
      ]
    },
    {
      "id": 1,
      "kind": "selection",
      "title": "σ Selection",
      "predicate": "(like(p_name(#1), \"blanched%\"))",
      "input": 0
    },
    {
      "id": 3,
      "kind": "projection",
      "title": "π Projection",
      "columns": [
        "p_partkey(#0)"
      ],
      "input": 1
    },
    {
      "id": 4,
      "kind": "selection",
      "title": "σ Selection",
      "predicate": "((ps_partkey(#2) IN @3))",
      "input": 2,
      "in subquery": 3
    },
    {
      "id": 7,
      "kind": "projection",
      "title": "π Projection",
      "columns": [
        "ps_suppkey(#3)"
      ],
      "input": 4
    },
    {
      "id": 8,
      "kind": "selection",
      "title": "σ Selection",
      "predicate": "((s_suppkey(#5) IN @7))",
      "input": 5,
      "in subquery": 7
    },
    {
      "id": 6,
      "kind": "scan",
      "title": "⊞ nation",
      "columns": [
        "n_nationkey(#9)",
        "n_name(#10)"
      ]
    },
    {
      "id": 9,
      "kind": "cross_product",
      "title": "× CrossProduct",
      "outer": 8,
      "inner": 6
    },
    {
      "id": 10,
      "kind": "selection",
      "title": "σ Selection",
      "predicate": "((s_nationkey(#8) = n_nationkey(#9)) AND (n_name(#10) = \"KENYA\"))",
      "input": 9
    },
    {
      "id": 11,
      "kind": "sort",
      "title": "⇞ Sort",
      "keys": [
        "s_name(#6) Asc NullsLast"
      ],
      "input": 10
    },
    {
      "id": 12,
      "kind": "projection",
      "title": "π Projection",
      "columns": [
        "s_name(#6)",
        "s_address(#7)"
      ],
      "input": 11
    },
    {
      "id": 13,
      "kind": "output",
      "title": "= Output",
      "input": 12
    }
  ]
}
=== optimized ===
{
  "nodes": [
    {
      "id": 5,
      "kind": "scan",
      "title": "⊞ supplier",
      "columns": [
        "s_suppkey(#5)",
        "s_name(#6)",
        "s_address(#7)",
        "s_nationkey(#8)"
      ]
    },
    {
      "id": 2,
      "kind": "scan",
      "title": "⊞ partsupp",
      "columns": [
        "ps_partkey(#2)",
        "ps_suppkey(#3)",
        "ps_availqty(#4)"
      ]
    },
    {
      "id": 0,
      "kind": "scan",
      "title": "⊞ part",
      "columns": [
        "p_partkey(#0)",
        "p_name(#1)"
      ]
    },
    {
      "id": 1,
      "kind": "selection",
      "title": "σ Selection",
      "predicate": "(like(p_name(#1), \"blanched%\"))",
      "input": 0
    },
    {
      "id": 3,
      "kind": "projection",
      "title": "π Projection",
      "columns": [
        "p_partkey(#0)"
      ],
      "input": 1
    },
    {
      "id": 15,
      "kind": "join",
      "title": "⋉ LeftSemiJoin",
      "join_type": "LeftSemi",
      "condition": "(ps_partkey(#2) = p_partkey(#0))",
      "outer": 2,
      "inner": 3
    },
    {
      "id": 7,
      "kind": "projection",
      "title": "π Projection",
      "columns": [
        "ps_suppkey(#3)"
      ],
      "input": 15
    },
    {
      "id": 14,
      "kind": "join",
      "title": "⋉ LeftSemiJoin",
      "join_type": "LeftSemi",
      "condition": "(s_suppkey(#5) = ps_suppkey(#3))",
      "outer": 5,
      "inner": 7
    },
    {
      "id": 6,
      "kind": "scan",
      "title": "⊞ nation",
      "columns": [
        "n_nationkey(#9)",
        "n_name(#10)"
      ]
    },
    {
      "id": 9,
      "kind": "cross_product",
      "title": "× CrossProduct",
      "outer": 14,
      "inner": 6
    },
    {
      "id": 10,
      "kind": "selection",
      "title": "σ Selection",
      "predicate": "((s_nationkey(#8) = n_nationkey(#9)) AND (n_name(#10) = \"KENYA\"))",
      "input": 9
    },
    {
      "id": 11,
      "kind": "sort",
      "title": "⇞ Sort",
      "keys": [
        "s_name(#6) Asc NullsLast"
      ],
      "input": 10
    },
    {
      "id": 12,
      "kind": "projection",
      "title": "π Projection",
      "columns": [
        "s_name(#6)",
        "s_address(#7)"
      ],
      "input": 11
    },
    {
      "id": 13,
      "kind": "output",
      "title": "= Output",
      "input": 12
    }
  ]
}
