{
  "nodes": [
    {
      "id": 0,
      "kind": "scan",
      "title": "⊞ supplier",
      "columns": [
        "s_suppkey(#0)",
        "s_name(#1)",
        "s_nationkey(#2)"
      ]
    },
    {
      "id": 1,
      "kind": "scan",
      "title": "⊞ lineitem",
      "columns": [
        "l1.l_orderkey(#3)",
        "l1.l_suppkey(#4)",
        "l1.l_receiptdate(#5)",
        "l1.l_commitdate(#6)"
      ]
    },
    {
      "id": 4,
      "kind": "cross_product",
      "title": "× CrossProduct",
      "outer": 0,
      "inner": 1
    },
    {
      "id": 2,
      "kind": "scan",
      "title": "⊞ orders",
      "columns": [
        "o_orderkey(#7)",
        "o_orderstatus(#8)"
      ]
    },
    {
      "id": 5,
      "kind": "cross_product",
      "title": "× CrossProduct",
      "outer": 4,
      "inner": 2
    },
    {
      "id": 3,
      "kind": "scan",
      "title": "⊞ nation",
      "columns": [
        "n_nationkey(#9)",
        "n_name(#10)"
      ]
    },
    {
      "id": 6,
      "kind": "cross_product",
      "title": "× CrossProduct",
      "outer": 5,
      "inner": 3
    },
    {
      "id": 8,
      "kind": "scan",
      "title": "⊞ lineitem",
      "columns": [
        "l2.l_orderkey(#11)",
        "l2.l_suppkey(#12)"
      ]
    },
    {
      "id": 9,
      "kind": "selection",
      "title": "σ Selection",
      "predicate": "((l1.l_orderkey(#3) = l2.l_orderkey(#11)) AND (l1.l_suppkey(#4) != l2.l_suppkey(#12)))",
      "input": 8
    },
    {
      "id": 11,
      "kind": "scan",
      "title": "⊞ lineitem",
      "columns": [
        "l3.l_orderkey(#13)",
        "l3.l_suppkey(#14)",
        "l3.l_receiptdate(#15)",
        "l3.l_commitdate(#16)"
      ]
    },
    {
      "id": 13,
      "kind": "selection",
      "title": "σ Selection",
      "predicate": "((l3.l_receiptdate(#15) > l3.l_commitdate(#16)) AND (l1.l_orderkey(#3) = l3.l_orderkey(#13)) AND (l1.l_suppkey(#4) != l3.l_suppkey(#14)))",
      "input": 11
    },
    {
      "id": 14,
      "kind": "selection",
      "title": "σ Selection",
      "predicate": "((s_suppkey(#0) = l1.l_suppkey(#4)) AND (l1.l_orderkey(#3) = o_orderkey(#7)) AND (s_nationkey(#2) = n_nationkey(#9)) AND (o_orderstatus(#8) = \"F\") AND (n_name(#10) = \"ARGENTINA\") AND (l1.l_receiptdate(#5) > l1.l_commitdate(#6)) AND EXISTS(@9) AND NOT EXISTS(@13))",
      "input": 6,
      "exists subquery": 9,
      "not exists subquery": 13
    },
    {
      "id": 15,
      "kind": "aggregation",
      "title": "γ Aggregation",
      "keys": "s_name(#1)",
      "aggregates": [
        "numwait(#17) := count(s_name(#1))"
      ],
      "input": 14
    },
    {
      "id": 16,
      "kind": "sort",
      "title": "⇞ Sort",
      "keys": [
        "numwait(#17) Desc NullsLast",
        "s_name(#1) Asc NullsLast"
      ],
      "input": 15
    },
    {
      "id": 17,
      "kind": "limit",
      "title": "τ Limit",
      "fetch": "100",
      "offset": "0",
      "input": 16
    },
    {
      "id": 18,
      "kind": "projection",
      "title": "π Projection",
      "columns": [
        "s_name(#1)",
        "numwait(#17)"
      ],
      "input": 17
    },
    {
      "id": 19,
      "kind": "output",
      "title": "= Output",
      "input": 18
    }
  ]
}
