  "nodes": [
    {
      "id": 0,
      "kind": "scan",
      "title": "⊞ customer",
      "columns": [
        "c_custkey(#0)",
        "c_phone(#1)",
        "c_acctbal(#2)"
      ]
    },
    {
      "id": 1,
      "kind": "map",
      "title": "χ Map",
      "computations": [
        "cntrycode(#3) := substring(c_phone(#1), 1, 2)"
      ],
      "input": 0
    },
    {
      "id": 2,
      "kind": "selection",
      "title": "σ Selection",
      "predicate": "(in(cntrycode(#3), \"24\", \"34\", \"16\", \"30\", \"33\", \"14\", \"13\") AND (c_acctbal(#2) > 0::Decimal128(15, 2)))",
      "input": 1
    },
    {
      "id": 3,
      "kind": "aggregation",
      "title": "γ Aggregation",
      "keys": "",
      "aggregates": [
        "avg_acctbal(#4) := avg(c_acctbal(#2))"
      ],
      "input": 2
    },
    {
      "id": 5,
      "kind": "scan",
      "title": "⊞ orders",
      "columns": [
        "o_custkey(#5)"
      ]
    },
    {
      "id": 6,
      "kind": "selection",
      "title": "σ Selection",
      "predicate": "((c_custkey(#0) = o_custkey(#5)))",
      "input": 5
    },
    {
      "id": 7,
      "kind": "selection",
      "title": "σ Selection",
      "predicate": "(in(cntrycode(#3), \"24\", \"34\", \"16\", \"30\", \"33\", \"14\", \"13\") AND (c_acctbal(#2) > 0::Decimal128(15, 2)) AND (c_acctbal(#2) > SCALAR_SUBQUERY(@3)) AND NOT EXISTS(@6))",
      "input": 1,
      "scalar subquery": 3,
      "not exists subquery": 6
    },
    {
      "id": 8,
      "kind": "aggregation",
      "title": "γ Aggregation",
      "keys": "cntrycode(#3)",
      "aggregates": [
        "numcust(#6) := count(c_custkey(#0))",
        "totacctbal(#7) := sum(c_acctbal(#2))"
      ],
      "input": 7
    },
    {
      "id": 9,
      "kind": "sort",
      "title": "⇞ Sort",
      "keys": [
        "cntrycode(#3) Asc NullsLast"
      ],
      "input": 8
    },
    {
      "id": 10,
      "kind": "projection",
      "title": "π Projection",
      "columns": [
        "cntrycode(#3)",
        "numcust(#6)",
        "totacctbal(#7)"
      ],
      "input": 9
    },
    {
      "id": 11,
      "kind": "output",
      "title": "= Output",
      "input": 10
    }
  ]
}
=== optimized ===
{
  "nodes": [
    {
      "id": 0,
      "kind": "scan",
      "title": "⊞ customer",
      "columns": [
        "c_custkey(#0)",
        "c_phone(#1)",
        "c_acctbal(#2)"
      ]
    },
    {
      "id": 1,
      "kind": "map",
      "title": "χ Map",
      "computations": [
        "cntrycode(#3) := substring(c_phone(#1), 1, 2)"
      ],
      "input": 0
    },
    {
      "id": 2,
      "kind": "selection",
      "title": "σ Selection",
      "predicate": "(in(cntrycode(#3), \"24\", \"34\", \"16\", \"30\", \"33\", \"14\", \"13\") AND (c_acctbal(#2) > 0::Decimal128(15, 2)))",
      "input": 1
    },
    {
      "id": 3,
      "kind": "aggregation",
      "title": "γ Aggregation",
      "keys": "",
      "aggregates": [
        "avg_acctbal(#4) := avg(c_acctbal(#2))"
      ],
      "input": 2
    },
    {
      "id": 12,
      "kind": "join",
      "title": "⋈₁ SingleJoin",
      "join_type": "Single",
      "condition": "true",
      "outer": 1,
      "inner": 3
    },
    {
      "id": 5,
      "kind": "scan",
      "title": "⊞ orders",
      "columns": [
        "o_custkey(#5)"
      ]
    },
    {
      "id": 6,
      "kind": "selection",
      "title": "σ Selection",
      "predicate": "((c_custkey(#0) = o_custkey(#5)))",
      "input": 5
    },
    {
      "id": 13,
      "kind": "join",
      "title": "⟕ᵐ LeftMark(#8)Join",
      "join_type": "LeftMark(#8)",
      "condition": "true",
      "marker": "exists_mark(#8)",
      "outer": 12,
      "inner": 6
    },
    {
      "id": 14,
      "kind": "selection",
      "title": "σ Selection",
      "predicate": "(in(cntrycode(#3), \"24\", \"34\", \"16\", \"30\", \"33\", \"14\", \"13\") AND (c_acctbal(#2) > 0::Decimal128(15, 2)) AND (c_acctbal(#2) > avg_acctbal(#4)) AND NOT(exists_mark(#8)))",
      "input": 13
    },
    {
      "id": 8,
      "kind": "aggregation",
      "title": "γ Aggregation",
      "keys": "cntrycode(#3)",
      "aggregates": [
        "numcust(#6) := count(c_custkey(#0))",
        "totacctbal(#7) := sum(c_acctbal(#2))"
      ],
      "input": 14
    },
    {
      "id": 9,
      "kind": "sort",
      "title": "⇞ Sort",
      "keys": [
        "cntrycode(#3) Asc NullsLast"
      ],
      "input": 8
    },
    {
      "id": 10,
      "kind": "projection",
      "title": "π Projection",
      "columns": [
        "cntrycode(#3)",
        "numcust(#6)",
        "totacctbal(#7)"
      ],
      "input": 9
    },
    {
      "id": 11,
      "kind": "output",
      "title": "= Output",
      "input": 10
    }
  ]
}
