  "nodes": [
    {
      "id": 0,
      "kind": "scan",
      "title": "⊞ supplier",
      "columns": [
        "s_suppkey(#0)",
        "s_nationkey(#1)"
      ]
    },
    {
      "id": 1,
      "kind": "scan",
      "title": "⊞ lineitem",
      "columns": [
        "l_suppkey(#2)",
        "l_orderkey(#3)",
        "l_shipdate(#4)",
        "l_extendedprice(#5)",
        "l_discount(#6)"
      ]
    },
    {
      "id": 6,
      "kind": "cross_product",
      "title": "× CrossProduct",
      "outer": 0,
      "inner": 1
    },
    {
      "id": 2,
      "kind": "scan",
      "title": "⊞ orders",
      "columns": [
        "o_orderkey(#7)",
        "o_custkey(#8)"
      ]
    },
    {
      "id": 7,
      "kind": "cross_product",
      "title": "× CrossProduct",
      "outer": 6,
      "inner": 2
    },
    {
      "id": 3,
      "kind": "scan",
      "title": "⊞ customer",
      "columns": [
        "c_custkey(#9)",
        "c_nationkey(#10)"
      ]
    },
    {
      "id": 8,
      "kind": "cross_product",
      "title": "× CrossProduct",
      "outer": 7,
      "inner": 3
    },
    {
      "id": 4,
      "kind": "scan",
      "title": "⊞ nation",
      "columns": [
        "n1.n_nationkey(#11)",
        "n1.n_name(#12)"
      ]
    },
    {
      "id": 9,
      "kind": "cross_product",
      "title": "× CrossProduct",
      "outer": 8,
      "inner": 4
    },
    {
      "id": 5,
      "kind": "scan",
      "title": "⊞ nation",
      "columns": [
        "n2.n_nationkey(#13)",
        "n2.n_name(#14)"
      ]
    },
    {
      "id": 10,
      "kind": "cross_product",
      "title": "× CrossProduct",
      "outer": 9,
      "inner": 5
    },
    {
      "id": 12,
      "kind": "selection",
      "title": "σ Selection",
      "predicate": "((s_suppkey(#0) = l_suppkey(#2)) AND (l_orderkey(#3) = o_orderkey(#7)) AND (o_custkey(#8) = c_custkey(#9)) AND (s_nationkey(#1) = n1.n_nationkey(#11)) AND (c_nationkey(#10) = n2.n_nationkey(#13)) AND (((n1.n_name(#12) = \"GERMANY\") AND (n2.n_name(#14) = \"IRAQ\")) OR ((n1.n_name(#12) = \"IRAQ\") AND (n2.n_name(#14) = \"GERMANY\"))) AND (l_shipdate(#4) >= 9131::Date32) AND (l_shipdate(#4) < 9862::Date32))",
      "input": 10
    },
    {
      "id": 13,
      "kind": "map",
      "title": "χ Map",
      "computations": [
        "supp_nation(#15) := n1.n_name(#12)",
        "cust_nation(#16) := n2.n_name(#14)",
        "l_year(#17) := extract_year(l_shipdate(#4))",
        "volume(#18) := (l_extendedprice(#5) * (100::Decimal128(15, 2) - l_discount(#6)))"
      ],
      "input": 12
    },
    {
      "id": 14,
      "kind": "aggregation",
      "title": "γ Aggregation",
      "keys": "supp_nation(#15), cust_nation(#16), l_year(#17)",
      "aggregates": [
        "revenue(#19) := sum(volume(#18))"
      ],
      "input": 13
    },
    {
      "id": 15,
      "kind": "sort",
      "title": "⇞ Sort",
      "keys": [
        "supp_nation(#15) Asc NullsLast",
        "cust_nation(#16) Asc NullsLast",
        "l_year(#17) Asc NullsLast"
      ],
      "input": 14
    },
    {
      "id": 16,
      "kind": "projection",
      "title": "π Projection",
      "columns": [
        "supp_nation(#15)",
        "cust_nation(#16)",
        "l_year(#17)",
        "revenue(#19)"
      ],
      "input": 15
    },
    {
      "id": 17,
      "kind": "output",
      "title": "= Output",
      "input": 16
    }
  ]
}
=== optimized ===
{
  "nodes": [
    {
      "id": 0,
      "kind": "scan",
      "title": "⊞ supplier",
      "columns": [
        "s_suppkey(#0)",
        "s_nationkey(#1)"
      ]
    },
    {
      "id": 1,
      "kind": "scan",
      "title": "⊞ lineitem",
      "columns": [
        "l_suppkey(#2)",
        "l_orderkey(#3)",
        "l_shipdate(#4)",
        "l_extendedprice(#5)",
        "l_discount(#6)"
      ]
    },
    {
      "id": 6,
      "kind": "cross_product",
      "title": "× CrossProduct",
      "outer": 0,
      "inner": 1
    },
    {
      "id": 2,
      "kind": "scan",
      "title": "⊞ orders",
      "columns": [
        "o_orderkey(#7)",
        "o_custkey(#8)"
      ]
    },
    {
      "id": 7,
      "kind": "cross_product",
      "title": "× CrossProduct",
      "outer": 6,
      "inner": 2
    },
    {
      "id": 3,
      "kind": "scan",
      "title": "⊞ customer",
      "columns": [
        "c_custkey(#9)",
        "c_nationkey(#10)"
      ]
    },
    {
      "id": 8,
      "kind": "cross_product",
      "title": "× CrossProduct",
      "outer": 7,
      "inner": 3
    },
    {
      "id": 4,
      "kind": "scan",
      "title": "⊞ nation",
      "columns": [
        "n1.n_nationkey(#11)",
        "n1.n_name(#12)"
      ]
    },
    {
      "id": 9,
      "kind": "cross_product",
      "title": "× CrossProduct",
      "outer": 8,
      "inner": 4
    },
    {
      "id": 5,
      "kind": "scan",
      "title": "⊞ nation",
      "columns": [
        "n2.n_nationkey(#13)",
        "n2.n_name(#14)"
      ]
    },
    {
      "id": 10,
      "kind": "cross_product",
      "title": "× CrossProduct",
      "outer": 9,
      "inner": 5
    },
    {
      "id": 12,
      "kind": "selection",
      "title": "σ Selection",
      "predicate": "((s_suppkey(#0) = l_suppkey(#2)) AND (l_orderkey(#3) = o_orderkey(#7)) AND (o_custkey(#8) = c_custkey(#9)) AND (s_nationkey(#1) = n1.n_nationkey(#11)) AND (c_nationkey(#10) = n2.n_nationkey(#13)) AND (((n1.n_name(#12) = \"GERMANY\") AND (n2.n_name(#14) = \"IRAQ\")) OR ((n1.n_name(#12) = \"IRAQ\") AND (n2.n_name(#14) = \"GERMANY\"))) AND (l_shipdate(#4) >= 9131::Date32) AND (l_shipdate(#4) < 9862::Date32))",
      "input": 10
    },
    {
      "id": 13,
      "kind": "map",
      "title": "χ Map",
      "computations": [
        "supp_nation(#15) := n1.n_name(#12)",
        "cust_nation(#16) := n2.n_name(#14)",
        "l_year(#17) := extract_year(l_shipdate(#4))",
        "volume(#18) := (l_extendedprice(#5) * (100::Decimal128(15, 2) - l_discount(#6)))"
      ],
      "input": 12
    },
    {
      "id": 14,
      "kind": "aggregation",
      "title": "γ Aggregation",
      "keys": "supp_nation(#15), cust_nation(#16), l_year(#17)",
      "aggregates": [
        "revenue(#19) := sum(volume(#18))"
      ],
      "input": 13
    },
    {
      "id": 15,
      "kind": "sort",
      "title": "⇞ Sort",
      "keys": [
        "supp_nation(#15) Asc NullsLast",
        "cust_nation(#16) Asc NullsLast",
        "l_year(#17) Asc NullsLast"
      ],
      "input": 14
    },
    {
      "id": 16,
      "kind": "projection",
      "title": "π Projection",
      "columns": [
        "supp_nation(#15)",
        "cust_nation(#16)",
        "l_year(#17)",
        "revenue(#19)"
      ],
      "input": 15
    },
    {
      "id": 17,
      "kind": "output",
      "title": "= Output",
      "input": 16
    }
  ]
}
